<?xml version="1.0" encoding="UTF-8"?>
<!-- Generated by org.testng.reporters.JUnitReportReporter -->
<testsuite hostname="QT-UK-LT0544" failures="0" tests="1" name="org.qualitest.pages.BookingTest" time="156.900" errors="0" timestamp="2022-09-28T10:56:22 BST" skipped="0">
  <testcase classname="org.qualitest.pages.BookingTest" name="booking" time="156.900"/>
  <system-out/>
</testsuite> <!-- org.qualitest.pages.BookingTest -->
